<?xml version="1.0" encoding="UTF-8"?>
<!-- Generated by org.testng.reporters.JUnitReportReporter -->
<testsuite skipped="0" hostname="criscar-asus" name="com.criscar.swtestacademy.swd.pageobject.LoginTests" tests="2" failures="0" timestamp="30 oct. 2018 11:05:48 GMT" time="42.191" errors="0">
  <testcase name="invalidLoginTest_InvalidUserNameInvalidPassword" time="33.734" classname="com.criscar.swtestacademy.swd.pageobject.LoginTests"/>
  <testcase name="invalidLoginTest_EmptyUserNameEmptyPassword" time="8.457" classname="com.criscar.swtestacademy.swd.pageobject.LoginTests"/>
</testsuite> <!-- com.criscar.swtestacademy.swd.pageobject.LoginTests -->
